#
# A fatal error has been detected by the Java Runtime Environment:
#
#  EXCEPTION_ACCESS_VIOLATION (0xc0000005) at pc=0x0000000053b46c33, pid=7636, tid=5648
#
# JRE version: Java(TM) SE Runtime Environment (8.0_73-b02) (build 1.8.0_73-b02)
# Java VM: Java HotSpot(TM) 64-Bit Server VM (25.73-b02 mixed mode windows-amd64 compressed oops)
# Problematic frame:
# V  [jvm.dll+0x76c33]
#
# Failed to write core dump. Minidumps are not enabled by default on client versions of Windows
#
# If you would like to submit a bug report, please visit:
#   http://bugreport.java.com/bugreport/crash.jsp
#

---------------  T H R E A D  ---------------

Current thread (0x0000000016d97800):  VMThread [stack: 0x0000000017e30000,0x0000000017f30000] [id=5648]

siginfo: ExceptionCode=0xc0000005, reading address 0x0000400016da3f30

Registers:
RAX=0x000000005411b640, RBX=0x0000400016da3f20, RCX=0x0000000016c30080, RDX=0x00000000d82d1b20
RSP=0x0000000017f2f6b0, RBP=0x0000000017f2f7a8, RSI=0x0000000017f2f7c8, RDI=0x0000000016c7d5b0
R8 =0x00000000d5b80000, R9 =0x000000000000ea6d, R10=0x0000000000000001, R11=0x0000000017f2f708
R12=0x0000000000000004, R13=0x000000000004d530, R14=0x0000000017f2f7e8, R15=0x000000005429ae38
RIP=0x0000000053b46c33, EFLAGS=0x0000000000010202

Top of Stack: (sp=0x0000000017f2f6b0)
0x0000000017f2f6b0:   0000000017f2f8e8 0000000053d63ce8
0x0000000017f2f6c0:   00000000000001c8 0000000053af52bf
0x0000000017f2f6d0:   000000000004d530 0000000000004fc7
0x0000000017f2f6e0:   000000000224cf00 0000000000000000
0x0000000017f2f6f0:   000000005429acd0 0000000000000004
0x0000000017f2f700:   000000005411b688 0000000053b47b30
0x0000000017f2f710:   000000005429ae38 000000000215ad00
0x0000000017f2f720:   0000000017f2f850 0000000002071460
0x0000000017f2f730:   0000000017f2f7a8 0000000017f2f7e8
0x0000000017f2f740:   0000000002071460 0000000053ecd945
0x0000000017f2f750:   000000000215ad00 000000005411b688
0x0000000017f2f760:   000000005411b688 0000000016ca5520
0x0000000017f2f770:   000000005429acd0 0000000000000001
0x0000000017f2f780:   000000005429acd0 0000000000000001
0x0000000017f2f790:   0000000000000001 00000000ffffff01
0x0000000017f2f7a0:   0000000000000001 0000000000000d01 

Instructions: (pc=0x0000000053b46c33)
0x0000000053b46c13:   0e 48 85 db 74 78 4c 8b 7c 24 60 4c 8b b4 24 88
0x0000000053b46c23:   00 00 00 66 66 0f 1f 84 00 00 00 00 00 49 8b 07
0x0000000053b46c33:   48 8b 53 10 49 8b cf ff 10 84 c0 74 18 48 85 f6
0x0000000053b46c43:   74 0d 48 8b 06 48 8d 53 10 48 8b ce ff 50 08 48 


Register to memory mapping:

RAX=0x000000005411b640 is an unknown value
RBX=0x0000400016da3f20 is an unknown value
RCX=0x0000000016c30080 is an unknown value
RDX=0x00000000d82d1b20 is an oop
java.lang.String 
 - klass: 'java/lang/String'
RSP=0x0000000017f2f6b0 is an unknown value
RBP=0x0000000017f2f7a8 is an unknown value
RSI=0x0000000017f2f7c8 is an unknown value
RDI=0x0000000016c7d5b0 is an unknown value
R8 =0x00000000d5b80000 is an oop
java.util.Hashtable$Entry 
 - klass: 'java/util/Hashtable$Entry'
R9 =0x000000000000ea6d is an unknown value
R10=0x0000000000000001 is an unknown value
R11=0x0000000017f2f708 is an unknown value
R12=0x0000000000000004 is an unknown value
R13=0x000000000004d530 is an unknown value
R14=0x0000000017f2f7e8 is an unknown value
R15=0x000000005429ae38 is an unknown value


Stack: [0x0000000017e30000,0x0000000017f30000],  sp=0x0000000017f2f6b0,  free space=1021k
Native frames: (J=compiled Java code, j=interpreted, Vv=VM code, C=native code)
V  [jvm.dll+0x76c33]
V  [jvm.dll+0x77b30]
V  [jvm.dll+0x3fd945]
V  [jvm.dll+0x3fe070]
V  [jvm.dll+0x3edb94]
V  [jvm.dll+0x4006c6]
V  [jvm.dll+0x2498d7]
V  [jvm.dll+0x248b76]
V  [jvm.dll+0x249011]
V  [jvm.dll+0x24922e]
V  [jvm.dll+0x29a10a]
C  [msvcr100.dll+0x21d9f]
C  [msvcr100.dll+0x21e3b]
C  [KERNEL32.DLL+0x18102]
C  [ntdll.dll+0x5c574]

VM_Operation (0x000000001b00bd60): ParallelGCFailedAllocation, mode: safepoint, requested by thread 0x0000000018b0b800


---------------  P R O C E S S  ---------------

Java Threads: ( => current thread )
  0x000000001b067800 JavaThread "D3D Screen Updater" daemon [_thread_blocked, id=4356, stack(0x000000001b990000,0x000000001ba90000)]
  0x0000000002070800 JavaThread "DestroyJavaVM" [_thread_blocked, id=4532, stack(0x0000000001ea0000,0x0000000001fa0000)]
  0x0000000018b0b800 JavaThread "AWT-EventQueue-0" [_thread_blocked, id=7912, stack(0x000000001af10000,0x000000001b010000)]
  0x0000000018b0b000 JavaThread "TimerQueue" daemon [_thread_blocked, id=4524, stack(0x000000001ae10000,0x000000001af10000)]
  0x0000000018adf000 JavaThread "AWT-Windows" daemon [_thread_in_native, id=7184, stack(0x00000000190b0000,0x00000000191b0000)]
  0x0000000018adc800 JavaThread "AWT-Shutdown" [_thread_blocked, id=3824, stack(0x0000000018fb0000,0x00000000190b0000)]
  0x0000000018a8a000 JavaThread "Java2D Disposer" daemon [_thread_blocked, id=6368, stack(0x0000000018df0000,0x0000000018ef0000)]
  0x0000000018734800 JavaThread "Service Thread" daemon [_thread_blocked, id=2200, stack(0x0000000018b10000,0x0000000018c10000)]
  0x0000000016dd6000 JavaThread "C1 CompilerThread2" daemon [_thread_blocked, id=8052, stack(0x0000000018610000,0x0000000018710000)]
  0x0000000016dcf800 JavaThread "C2 CompilerThread1" daemon [_thread_blocked, id=340, stack(0x0000000018510000,0x0000000018610000)]
  0x0000000016dcc000 JavaThread "C2 CompilerThread0" daemon [_thread_blocked, id=1620, stack(0x0000000018410000,0x0000000018510000)]
  0x0000000016dca000 JavaThread "Attach Listener" daemon [_thread_blocked, id=6220, stack(0x0000000018310000,0x0000000018410000)]
  0x0000000016dc9000 JavaThread "Signal Dispatcher" daemon [_thread_blocked, id=5580, stack(0x0000000018210000,0x0000000018310000)]
  0x0000000002165800 JavaThread "Finalizer" daemon [_thread_blocked, id=6808, stack(0x0000000018030000,0x0000000018130000)]
  0x0000000016d99000 JavaThread "Reference Handler" daemon [_thread_blocked, id=816, stack(0x0000000017f30000,0x0000000018030000)]

Other Threads:
=>0x0000000016d97800 VMThread [stack: 0x0000000017e30000,0x0000000017f30000] [id=5648]
  0x0000000018739800 WatcherThread [stack: 0x0000000018c10000,0x0000000018d10000] [id=5300]

VM state:at safepoint (normal execution)

VM Mutex/Monitor currently owned by a thread:  ([mutex/lock_event])
[0x000000000224b870] Threads_lock - owner thread: 0x0000000016d97800
[0x000000000224c470] Heap_lock - owner thread: 0x0000000018b0b800

Heap:
 PSYoungGen      total 38400K, used 35280K [0x00000000d5b80000, 0x00000000d8600000, 0x0000000100000000)
  eden space 33280K, 100% used [0x00000000d5b80000,0x00000000d7c00000,0x00000000d7c00000)
  from space 5120K, 39% used [0x00000000d7c00000,0x00000000d7df4010,0x00000000d8100000)
  to   space 5120K, 43% used [0x00000000d8100000,0x00000000d832c010,0x00000000d8600000)
 ParOldGen       total 87552K, used 24K [0x0000000081200000, 0x0000000086780000, 0x00000000d5b80000)
  object space 87552K, 0% used [0x0000000081200000,0x0000000081206000,0x0000000086780000)
 Metaspace       used 9782K, capacity 10006K, committed 10240K, reserved 1058816K
  class space    used 1128K, capacity 1221K, committed 1280K, reserved 1048576K

Card table byte_map: [0x0000000011610000,0x0000000011a10000] byte_map_base: 0x0000000011207000

Marking Bits: (ParMarkBitMap*) 0x00000000542e0600
 Begin Bits: [0x00000000120c0000, 0x0000000014078000)
 End Bits:   [0x0000000014078000, 0x0000000016030000)

Polling page: 0x00000000004f0000

CodeCache: size=245760Kb used=5203Kb max_used=5218Kb free=240556Kb
 bounds [0x0000000002250000, 0x0000000002770000, 0x0000000011250000]
 total_blobs=1881 nmethods=1420 adapters=375
 compilation: enabled

Compilation events (10 events):
Event: 3.416 Thread 0x0000000016dd6000 nmethod 1415 0x000000000274f050 code [0x000000000274f1a0, 0x000000000274f370]
Event: 3.416 Thread 0x0000000016dd6000 1416       3       java.io.RandomAccessFile$1::close (8 bytes)
Event: 3.416 Thread 0x0000000016dd6000 nmethod 1416 0x0000000002749710 code [0x0000000002749880, 0x0000000002749a68]
Event: 3.416 Thread 0x0000000016dd6000 1417       3       java.io.RandomAccessFile::access$000 (5 bytes)
Event: 3.416 Thread 0x0000000016dd6000 nmethod 1417 0x000000000274ec50 code [0x000000000274edc0, 0x000000000274ef28]
Event: 3.419 Thread 0x0000000016dcc000 1419       4       java.awt.geom.AffineTransform::calculateType (536 bytes)
Event: 3.422 Thread 0x0000000016dcc000 nmethod 1419 0x000000000275b010 code [0x000000000275b1e0, 0x000000000275b678]
Event: 3.422 Thread 0x0000000016dcc000 1420       4       sun.java2d.SurfaceData::validatePipe (785 bytes)
Event: 3.429 Thread 0x0000000016dcf800 nmethod 1404 0x0000000002760f50 code [0x0000000002761440, 0x00000000027655a8]
Event: 3.429 Thread 0x0000000016dcc000 nmethod 1420 0x000000000275ca10 code [0x000000000275cc00, 0x000000000275d400]

GC Heap History (3 events):
Event: 2.234 GC heap before
{Heap before GC invocations=1 (full 0):
 PSYoungGen      total 38400K, used 33280K [0x00000000d5b80000, 0x00000000d8600000, 0x0000000100000000)
  eden space 33280K, 100% used [0x00000000d5b80000,0x00000000d7c00000,0x00000000d7c00000)
  from space 5120K, 0% used [0x00000000d8100000,0x00000000d8100000,0x00000000d8600000)
  to   space 5120K, 0% used [0x00000000d7c00000,0x00000000d7c00000,0x00000000d8100000)
 ParOldGen       total 87552K, used 0K [0x0000000081200000, 0x0000000086780000, 0x00000000d5b80000)
  object space 87552K, 0% used [0x0000000081200000,0x0000000081200000,0x0000000086780000)
 Metaspace       used 9710K, capacity 9942K, committed 10240K, reserved 1058816K
  class space    used 1128K, capacity 1221K, committed 1280K, reserved 1048576K
Event: 2.238 GC heap after
Heap after GC invocations=1 (full 0):
 PSYoungGen      total 38400K, used 2000K [0x00000000d5b80000, 0x00000000d8600000, 0x0000000100000000)
  eden space 33280K, 0% used [0x00000000d5b80000,0x00000000d5b80000,0x00000000d7c00000)
  from space 5120K, 39% used [0x00000000d7c00000,0x00000000d7df4010,0x00000000d8100000)
  to   space 5120K, 0% used [0x00000000d8100000,0x00000000d8100000,0x00000000d8600000)
 ParOldGen       total 87552K, used 16K [0x0000000081200000, 0x0000000086780000, 0x00000000d5b80000)
  object space 87552K, 0% used [0x0000000081200000,0x0000000081204000,0x0000000086780000)
 Metaspace       used 9710K, capacity 9942K, committed 10240K, reserved 1058816K
  class space    used 1128K, capacity 1221K, committed 1280K, reserved 1048576K
}
Event: 3.432 GC heap before
{Heap before GC invocations=2 (full 0):
 PSYoungGen      total 38400K, used 35280K [0x00000000d5b80000, 0x00000000d8600000, 0x0000000100000000)
  eden space 33280K, 100% used [0x00000000d5b80000,0x00000000d7c00000,0x00000000d7c00000)
  from space 5120K, 39% used [0x00000000d7c00000,0x00000000d7df4010,0x00000000d8100000)
  to   space 5120K, 0% used [0x00000000d8100000,0x00000000d8100000,0x00000000d8600000)
 ParOldGen       total 87552K, used 16K [0x0000000081200000, 0x0000000086780000, 0x00000000d5b80000)
  object space 87552K, 0% used [0x0000000081200000,0x0000000081204000,0x0000000086780000)
 Metaspace       used 9782K, capacity 10006K, committed 10240K, reserved 1058816K
  class space    used 1128K, capacity 1221K, committed 1280K, reserved 1048576K

Deoptimization events (6 events):
Event: 1.099 Thread 0x0000000018b0b800 Uncommon trap: reason=class_check action=maybe_recompile pc=0x0000000002521604 method=java.util.HashMap.getNode(ILjava/lang/Object;)Ljava/util/HashMap$Node; @ 126
Event: 1.338 Thread 0x0000000018b0b800 Uncommon trap: reason=bimorphic action=maybe_recompile pc=0x0000000002528664 method=sun.java2d.SunGraphics2D.validateColor()V @ 95
Event: 1.338 Thread 0x0000000018b0b800 Uncommon trap: reason=bimorphic action=maybe_recompile pc=0x0000000002528664 method=sun.java2d.SunGraphics2D.validateColor()V @ 95
Event: 1.338 Thread 0x0000000018b0b800 Uncommon trap: reason=bimorphic action=maybe_recompile pc=0x0000000002528664 method=sun.java2d.SunGraphics2D.validateColor()V @ 95
Event: 1.344 Thread 0x0000000018b0b800 Uncommon trap: reason=bimorphic action=maybe_recompile pc=0x0000000002528664 method=sun.java2d.SunGraphics2D.validateColor()V @ 95
Event: 1.344 Thread 0x0000000018b0b800 Uncommon trap: reason=unstable_if action=reinterpret pc=0x00000000024f6404 method=sun.java2d.pipe.BufferedContext.validate(Lsun/java2d/pipe/hw/AccelSurface;Lsun/java2d/pipe/hw/AccelSurface;Lsun/java2d/pipe/Region;Ljava/awt/Composite;Ljava/awt/geom/AffineTr

Internal exceptions (10 events):
Event: 0.042 Thread 0x0000000002070800 Exception <a 'java/lang/NoSuchMethodError': Method sun.misc.Unsafe.defineClass(Ljava/lang/String;[BII)Ljava/lang/Class; name or signature does not match> (0x00000000d5b8d2a8) thrown at [D:\re\puppet\workspace\8-2-build-windows-amd64-cygwin\jdk8u73\6086\hot'þÆµ
Event: 0.042 Thread 0x0000000002070800 Exception <a 'java/lang/NoSuchMethodError': Method sun.misc.Unsafe.prefetchRead(Ljava/lang/Object;J)V name or signature does not match> (0x00000000d5b8d590) thrown at [D:\re\puppet\workspace\8-2-build-windows-amd64-cygwin\jdk8u73\6086\hotspot\src\share\vm\h¢zSÂ‡À?
Event: 0.129 Thread 0x0000000002070800 Exception <a 'java/security/PrivilegedActionException'> (0x00000000d5c08fe0) thrown at [D:\re\puppet\workspace\8-2-build-windows-amd64-cygwin\jdk8u73\6086\hotspot\src\share\vm\prims\jvm.cpp, line 1386]
Event: 0.129 Thread 0x0000000002070800 Exception <a 'java/security/PrivilegedActionException'> (0x00000000d5c091f0) thrown at [D:\re\puppet\workspace\8-2-build-windows-amd64-cygwin\jdk8u73\6086\hotspot\src\share\vm\prims\jvm.cpp, line 1386]
Event: 0.130 Thread 0x0000000002070800 Exception <a 'java/security/PrivilegedActionException'> (0x00000000d5c0cd98) thrown at [D:\re\puppet\workspace\8-2-build-windows-amd64-cygwin\jdk8u73\6086\hotspot\src\share\vm\prims\jvm.cpp, line 1386]
Event: 0.130 Thread 0x0000000002070800 Exception <a 'java/security/PrivilegedActionException'> (0x00000000d5c0cfa8) thrown at [D:\re\puppet\workspace\8-2-build-windows-amd64-cygwin\jdk8u73\6086\hotspot\src\share\vm\prims\jvm.cpp, line 1386]
Event: 0.136 Thread 0x0000000002070800 Exception <a 'java/io/FileNotFoundException'> (0x00000000d5c0f4b8) thrown at [D:\re\puppet\workspace\8-2-build-windows-amd64-cygwin\jdk8u73\6086\hotspot\src\share\vm\prims\jni.cpp, line 709]
Event: 0.175 Thread 0x0000000002070800 Exception <a 'java/lang/NoSuchFieldError': method resolution failed> (0x00000000d5e2a5d8) thrown at [D:\re\puppet\workspace\8-2-build-windows-amd64-cygwin\jdk8u73\6086\hotspot\src\share\vm\prims\methodHandles.cpp, line 1146]
Event: 0.176 Thread 0x0000000002070800 Exception <a 'java/lang/NoSuchFieldError': method resolution failed> (0x00000000d5e379a8) thrown at [D:\re\puppet\workspace\8-2-build-windows-amd64-cygwin\jdk8u73\6086\hotspot\src\share\vm\prims\methodHandles.cpp, line 1146]
Event: 0.215 Thread 0x0000000002070800 Exception <a 'java/io/FileNotFoundException'> (0x00000000d5ecc978) thrown at [D:\re\puppet\workspace\8-2-build-windows-amd64-cygwin\jdk8u73\6086\hotspot\src\share\vm\prims\jni.cpp, line 709]

Events (10 events):
Event: 1.344 Thread 0x0000000018b0b800 DEOPT UNPACKING pc=0x000000000229582a sp=0x000000001b00c2b0 mode 2
Event: 1.620 Thread 0x0000000018b0b800 DEOPT PACKING pc=0x0000000002578597 sp=0x000000001b00c5a0
Event: 1.620 Thread 0x0000000018b0b800 DEOPT UNPACKING pc=0x000000000229747f sp=0x000000001b00c308 mode 0
Event: 2.066 Executing VM operation: ForceSafepoint
Event: 2.067 Executing VM operation: ForceSafepoint done
Event: 2.234 Executing VM operation: ParallelGCFailedAllocation
Event: 2.238 Executing VM operation: ParallelGCFailedAllocation done
Event: 3.367 Thread 0x0000000018b0b800 DEOPT PACKING pc=0x00000000026317ac sp=0x000000001b00c600
Event: 3.367 Thread 0x0000000018b0b800 DEOPT UNPACKING pc=0x000000000229747f sp=0x000000001b00c2f0 mode 0
Event: 3.432 Executing VM operation: ParallelGCFailedAllocation


Dynamic libraries:
0x00007ff71e050000 - 0x00007ff71e087000 	C:\Program Files\Java\jre1.8.0_73\bin\javaw.exe
0x00007ffce8f60000 - 0x00007ffce9121000 	C:\WINDOWS\SYSTEM32\ntdll.dll
0x00007ffce6670000 - 0x00007ffce671d000 	C:\WINDOWS\system32\KERNEL32.DLL
0x00007ffccfd90000 - 0x00007ffccfdc2000 	C:\Program Files (x86)\AVG\Av\avghooka.dll
0x00007ffce5fb0000 - 0x00007ffce6198000 	C:\WINDOWS\system32\KERNELBASE.dll
0x00007ffce6da0000 - 0x00007ffce6e47000 	C:\WINDOWS\system32\ADVAPI32.dll
0x00007ffce7360000 - 0x00007ffce73fd000 	C:\WINDOWS\system32\msvcrt.dll
0x00007ffce7300000 - 0x00007ffce735b000 	C:\WINDOWS\system32\sechost.dll
0x00007ffce8960000 - 0x00007ffce8a7c000 	C:\WINDOWS\system32\RPCRT4.dll
0x00007ffce6c40000 - 0x00007ffce6d96000 	C:\WINDOWS\system32\USER32.dll
0x00007ffce8ba0000 - 0x00007ffce8d26000 	C:\WINDOWS\system32\GDI32.dll
0x00007ffcdf690000 - 0x00007ffcdf904000 	C:\WINDOWS\WinSxS\amd64_microsoft.windows.common-controls_6595b64144ccf1df_6.0.10586.0_none_8c15ae12515e1c22\COMCTL32.dll
0x00007ffce6e50000 - 0x00007ffce70cd000 	C:\WINDOWS\system32\combase.dll
0x00007ffce5870000 - 0x00007ffce58da000 	C:\WINDOWS\system32\bcryptPrimitives.dll
0x00007ffce6630000 - 0x00007ffce666b000 	C:\WINDOWS\system32\IMM32.DLL
0x0000000053920000 - 0x00000000539f2000 	C:\Program Files\Java\jre1.8.0_73\bin\msvcr100.dll
0x0000000053ad0000 - 0x0000000054360000 	C:\Program Files\Java\jre1.8.0_73\bin\server\jvm.dll
0x00007ffce6360000 - 0x00007ffce6368000 	C:\WINDOWS\system32\PSAPI.DLL
0x00007ffcd80f0000 - 0x00007ffcd80f9000 	C:\WINDOWS\SYSTEM32\WSOCK32.dll
0x00007ffce7290000 - 0x00007ffce72fb000 	C:\WINDOWS\system32\WS2_32.dll
0x00007ffce3800000 - 0x00007ffce3823000 	C:\WINDOWS\SYSTEM32\WINMM.dll
0x00007ffce1d00000 - 0x00007ffce1d0a000 	C:\WINDOWS\SYSTEM32\VERSION.dll
0x00007ffce37a0000 - 0x00007ffce37cc000 	C:\WINDOWS\SYSTEM32\WINMMBASE.dll
0x00007ffce6310000 - 0x00007ffce6353000 	C:\WINDOWS\system32\cfgmgr32.dll
0x0000000053ac0000 - 0x0000000053acf000 	C:\Program Files\Java\jre1.8.0_73\bin\verify.dll
0x0000000053a90000 - 0x0000000053ab9000 	C:\Program Files\Java\jre1.8.0_73\bin\java.dll
0x0000000053a70000 - 0x0000000053a86000 	C:\Program Files\Java\jre1.8.0_73\bin\zip.dll
0x00007ffce7400000 - 0x00007ffce895c000 	C:\WINDOWS\system32\SHELL32.dll
0x00007ffce58e0000 - 0x00007ffce5f25000 	C:\WINDOWS\system32\windows.storage.dll
0x0000000001fa0000 - 0x0000000001ff2000 	C:\WINDOWS\system32\shlwapi.dll
0x00007ffce55a0000 - 0x00007ffce55af000 	C:\WINDOWS\system32\kernel.appcore.dll
0x00007ffce6250000 - 0x00007ffce6305000 	C:\WINDOWS\system32\shcore.dll
0x00007ffce55b0000 - 0x00007ffce55fb000 	C:\WINDOWS\system32\powrprof.dll
0x00007ffce5580000 - 0x00007ffce5594000 	C:\WINDOWS\system32\profapi.dll
0x0000000053780000 - 0x0000000053918000 	C:\Program Files\Java\jre1.8.0_73\bin\awt.dll
0x00007ffce6b70000 - 0x00007ffce6c31000 	C:\WINDOWS\system32\OLEAUT32.dll
0x00007ffce3d70000 - 0x00007ffce3de9000 	C:\WINDOWS\system32\apphelp.dll
0x00007ffce33d0000 - 0x00007ffce33f2000 	C:\WINDOWS\system32\DWMAPI.DLL
0x00007ffce3fb0000 - 0x00007ffce4046000 	C:\WINDOWS\system32\uxtheme.dll
0x00007ffce70d0000 - 0x00007ffce722a000 	C:\WINDOWS\system32\MSCTF.dll
0x00007ffce8d30000 - 0x00007ffce8e73000 	C:\WINDOWS\system32\ole32.dll
0x00007ffcca720000 - 0x00007ffcca930000 	C:\WINDOWS\system32\d3d9.dll
0x00007ffcbf040000 - 0x00007ffcc0127000 	C:\WINDOWS\SYSTEM32\nvd3dumx.dll
0x00007ffcd8580000 - 0x00007ffcd8749000 	C:\WINDOWS\system32\nvspcap64.dll
0x00007ffce6720000 - 0x00007ffce6b49000 	C:\WINDOWS\system32\SETUPAPI.dll
0x00007ffce2400000 - 0x00007ffce24c8000 	C:\WINDOWS\SYSTEM32\WINHTTP.dll
0x00007ffcdec40000 - 0x00007ffcdef59000 	C:\WINDOWS\system32\nvapi64.dll
0x00007ffce5260000 - 0x00007ffce528d000 	C:\WINDOWS\SYSTEM32\SspiCli.dll
0x00007ffce0070000 - 0x00007ffce01d8000 	C:\Program Files (x86)\NVIDIA Corporation\3D Vision\nvSCPAPI64.dll
0x0000000053730000 - 0x0000000053777000 	C:\Program Files\Java\jre1.8.0_73\bin\fontmanager.dll
0x0000000053a50000 - 0x0000000053a6a000 	C:\Program Files\Java\jre1.8.0_73\bin\net.dll
0x00007ffce4e50000 - 0x00007ffce4eac000 	C:\WINDOWS\system32\mswsock.dll
0x0000000053a30000 - 0x0000000053a41000 	C:\Program Files\Java\jre1.8.0_73\bin\nio.dll
0x00000000536e0000 - 0x0000000053722000 	C:\Program Files\Java\jre1.8.0_73\bin\t2k.dll
0x00007ffcc4e10000 - 0x00007ffcc4f9c000 	C:\WINDOWS\SYSTEM32\dbghelp.dll

VM Arguments:
jvm_args: -Dfile.encoding=Cp1252 
java_command: Game
java_class_path (initial): H:\Zombie_Shoot\Zombie Chase\bin
Launcher Type: SUN_STANDARD

Environment Variables:
PATH=C:/Program Files/Java/jre1.8.0_73/bin/server;C:/Program Files/Java/jre1.8.0_73/bin;C:/Program Files/Java/jre1.8.0_73/lib/amd64;C:\Program Files (x86)\NVIDIA Corporation\PhysX\Common;C:\Python27\;C:\Python27\Scripts;C:\ProgramData\Oracle\Java\javapath;C:\WINDOWS\system32;C:\WINDOWS;C:\WINDOWS\System32\Wbem;C:\WINDOWS\System32\WindowsPowerShell\v1.0\;C:\Program Files (x86)\Skype\Phone\;C:\Program Files (x86)\GtkSharp\2.12\bin;C:\Program Files (x86)\Atmel\Flip 3.4.7\bin;C:\eclipse;
USERNAME=stamp
OS=Windows_NT
PROCESSOR_IDENTIFIER=Intel64 Family 6 Model 37 Stepping 5, GenuineIntel



---------------  S Y S T E M  ---------------

OS: Windows 10.0 , 64 bit Build 10586 (10.0.10586.0)

CPU:total 4 (2 cores per cpu, 2 threads per core) family 6 model 37 stepping 5, cmov, cx8, fxsr, mmx, sse, sse2, sse3, ssse3, sse4.1, sse4.2, popcnt, ht, tsc, tscinvbit

Memory: 4k page, physical 8313840k(6344232k free), swap 10214384k(7509348k free)

vm_info: Java HotSpot(TM) 64-Bit Server VM (25.73-b02) for windows-amd64 JRE (1.8.0_73-b02), built on Jan 29 2016 17:38:49 by "java_re" with MS VC++ 10.0 (VS2010)

time: Wed Mar 02 20:48:22 2016
elapsed time: 3 seconds (0d 0h 0m 3s)

